<?xml version="1.0" encoding="UTF-8"?>
<testng-results skipped="0" failed="0" ignored="0" total="3" passed="3">
  <reporter-output>
  </reporter-output>
  <suite name="Default suite" duration-ms="12306" started-at="2021-07-03T21:52:38Z" finished-at="2021-07-03T21:52:50Z">
    <groups>
    </groups>
    <test name="Default test" duration-ms="12306" started-at="2021-07-03T21:52:38Z" finished-at="2021-07-03T21:52:50Z">
      <class name="DynamicJson">
        <test-method status="PASS" signature="AddbookDy(java.lang.String, java.lang.String)[pri:0, instance:DynamicJson@55f3ddb1]" name="AddbookDy" duration-ms="8004" started-at="2021-07-03T21:52:38Z" data-provider="BookData" finished-at="2021-07-03T21:52:46Z">
          <params>
            <param index="0">
              <value>
                <![CDATA[isbn1]]>
              </value>
            </param>
            <param index="1">
              <value>
                <![CDATA[0999]]>
              </value>
            </param>
          </params>
          <reporter-output>
          </reporter-output>
        </test-method> <!-- AddbookDy -->
        <test-method status="PASS" signature="AddbookDy(java.lang.String, java.lang.String)[pri:0, instance:DynamicJson@55f3ddb1]" name="AddbookDy" duration-ms="2831" started-at="2021-07-03T21:52:46Z" data-provider="BookData" finished-at="2021-07-03T21:52:49Z">
          <params>
            <param index="0">
              <value>
                <![CDATA[isbn2]]>
              </value>
            </param>
            <param index="1">
              <value>
                <![CDATA[0888]]>
              </value>
            </param>
          </params>
          <reporter-output>
          </reporter-output>
        </test-method> <!-- AddbookDy -->
        <test-method status="PASS" signature="AddbookDy(java.lang.String, java.lang.String)[pri:0, instance:DynamicJson@55f3ddb1]" name="AddbookDy" duration-ms="1368" started-at="2021-07-03T21:52:49Z" data-provider="BookData" finished-at="2021-07-03T21:52:50Z">
          <params>
            <param index="0">
              <value>
                <![CDATA[isbn3]]>
              </value>
            </param>
            <param index="1">
              <value>
                <![CDATA[07777]]>
              </value>
            </param>
          </params>
          <reporter-output>
          </reporter-output>
        </test-method> <!-- AddbookDy -->
      </class> <!-- DynamicJson -->
    </test> <!-- Default test -->
  </suite> <!-- Default suite -->
</testng-results>
